
--- Analysis Results ---

[Inline Expansion] Constant addition at line 4: 2 + 2
[Inline Expansion] Constant multiplication at line 16: 2 * 3
[Inline Expansion] Squaring detected at line 20: 4 ** 2
[Inline Expansion] Constant multiplication at line 28: 3 * 3
[Opaque Predicate] Arithmetic constant comparison at line 4: 2 + 2 == 4
[Opaque Predicate] Constant comparison at line 4: 3 > 1
[Opaque Predicate] Constant comparison at line 8: 5 < 2
[Opaque Predicate] Constant comparison at line 8: 10 < 3
[Opaque Predicate] Arithmetic constant comparison at line 20: 50 - 25 == 25
[Opaque Predicate] Arithmetic constant comparison at line 20: 4 ** 2 == 16
[Opaque Predicate] Arithmetic constant comparison at line 24: 9 % 2 == 0
[Opaque Predicate] Constant comparison at line 24: 7 < 3
[Opaque Predicate] Arithmetic constant comparison at line 28: 10 / 2 == 5
[Opaque Predicate] Arithmetic constant comparison at line 28: 3 * 3 == 9
[Opaque Predicate] Constant comparison at line 32: 8 > 3
[Opaque Predicate] Constant comparison at line 32: 2 < 5
[Opaque Predicate] Constant comparison at line 36: 1 == 2
[Opaque Predicate] Constant comparison at line 36: 0 > 10
[Opaque Predicate] Arithmetic constant comparison at line 41: 16 / 4 == 4

--- Analysis Completed ---
